{
  "RSpec": {
    "coverage": {
      "/Users/meghanstang/turing-staff/2module/lesson_repos/set_list_1909/config/environment.rb": [
        null,
        1,
        null,
        null,
        1
      ],
      "/Users/meghanstang/turing-staff/2module/lesson_repos/set_list_1909/config/application.rb": [
        1,
        null,
        1,
        null,
        1,
        1,
        1,
        1,
        1,
        1,
        1,
        1,
        null,
        null,
        null,
        null,
        1,
        null,
        1,
        1,
        null,
        1,
        null,
        null,
        null,
        null,
        null,
        null,
        1,
        null,
        null
      ],
      "/Users/meghanstang/turing-staff/2module/lesson_repos/set_list_1909/config/boot.rb": [
        1,
        null,
        1
      ],
      "/Users/meghanstang/turing-staff/2module/lesson_repos/set_list_1909/config/environments/test.rb": [
        1,
        null,
        null,
        null,
        null,
        null,
        null,
        1,
        null,
        null,
        null,
        null,
        1,
        null,
        null,
        1,
        1,
        null,
        null,
        null,
        null,
        1,
        1,
        null,
        null,
        1,
        null,
        null,
        1,
        1,
        null,
        null,
        null,
        null,
        1,
        null,
        null,
        1,
        null,
        null,
        null,
        null
      ],
      "/Users/meghanstang/turing-staff/2module/lesson_repos/set_list_1909/config/initializers/application_controller_renderer.rb": [
        null,
        null,
        null,
        null,
        null,
        null,
        null,
        null
      ],
      "/Users/meghanstang/turing-staff/2module/lesson_repos/set_list_1909/config/initializers/assets.rb": [
        null,
        null,
        null,
        1,
        null,
        null,
        null,
        null,
        1,
        null,
        null,
        null,
        null,
        null
      ],
      "/Users/meghanstang/turing-staff/2module/lesson_repos/set_list_1909/config/initializers/backtrace_silencers.rb": [
        null,
        null,
        null,
        null,
        null,
        null,
        null
      ],
      "/Users/meghanstang/turing-staff/2module/lesson_repos/set_list_1909/config/initializers/cookies_serializer.rb": [
        null,
        null,
        null,
        null,
        1
      ],
      "/Users/meghanstang/turing-staff/2module/lesson_repos/set_list_1909/config/initializers/filter_parameter_logging.rb": [
        null,
        null,
        null,
        1
      ],
      "/Users/meghanstang/turing-staff/2module/lesson_repos/set_list_1909/config/initializers/inflections.rb": [
        null,
        null,
        null,
        null,
        null,
        null,
        null,
        null,
        null,
        null,
        null,
        null,
        null,
        null,
        null,
        null
      ],
      "/Users/meghanstang/turing-staff/2module/lesson_repos/set_list_1909/config/initializers/mime_types.rb": [
        null,
        null,
        null,
        null
      ],
      "/Users/meghanstang/turing-staff/2module/lesson_repos/set_list_1909/config/initializers/wrap_parameters.rb": [
        null,
        null,
        null,
        null,
        null,
        null,
        1,
        2,
        null,
        null,
        null,
        null,
        null,
        null
      ],
      "/Users/meghanstang/turing-staff/2module/lesson_repos/set_list_1909/config/routes.rb": [
        1,
        1,
        1,
        1,
        1,
        1,
        1,
        1,
        1,
        null,
        1,
        1,
        null,
        1,
        1,
        null,
        1,
        1,
        1,
        1,
        1,
        1,
        null,
        1,
        1,
        null,
        null
      ],
      "/Users/meghanstang/turing-staff/2module/lesson_repos/set_list_1909/app/helpers/application_helper.rb": [
        1,
        null
      ],
      "/Users/meghanstang/turing-staff/2module/lesson_repos/set_list_1909/spec/features/artists/destroy_spec.rb": [
        1,
        null,
        1,
        1,
        1,
        null,
        1,
        null,
        1,
        null,
        1,
        1,
        1,
        null,
        null
      ],
      "/Users/meghanstang/turing-staff/2module/lesson_repos/set_list_1909/spec/features/artists/edit_spec.rb": [
        1,
        null,
        1,
        1,
        null,
        1,
        1,
        1,
        null,
        1,
        null,
        1,
        1,
        null,
        null,
        1,
        null,
        1,
        1,
        null,
        1,
        1,
        1,
        null,
        null,
        null
      ],
      "/Users/meghanstang/turing-staff/2module/lesson_repos/set_list_1909/spec/features/artists/index_spec.rb": [
        1,
        null,
        1,
        1,
        1,
        1,
        1,
        1,
        null,
        1,
        2,
        2,
        2,
        2,
        null,
        null,
        null,
        null,
        null
      ],
      "/Users/meghanstang/turing-staff/2module/lesson_repos/set_list_1909/spec/features/artists/new_spec.rb": [
        1,
        null,
        1,
        1,
        1,
        null,
        1,
        1,
        null,
        1,
        null,
        1,
        null,
        1,
        1,
        null,
        1,
        null,
        1,
        1,
        1,
        null,
        null,
        1,
        1,
        null,
        1,
        null,
        1,
        1,
        null,
        null,
        null,
        null
      ],
      "/Users/meghanstang/turing-staff/2module/lesson_repos/set_list_1909/spec/features/cart/add_song_spec.rb": [
        1,
        null,
        1,
        1,
        1,
        1,
        null,
        null,
        1,
        null,
        null,
        null,
        1,
        null,
        1,
        null,
        1,
        1,
        null,
        null,
        1,
        null,
        1,
        1,
        null,
        null,
        1,
        null,
        1,
        1,
        null,
        null,
        1,
        1,
        null,
        null
      ],
      "/Users/meghanstang/turing-staff/2module/lesson_repos/set_list_1909/spec/features/playlists/index_spec.rb": [
        1,
        null,
        1,
        1,
        1,
        1,
        1,
        null,
        1,
        1,
        1,
        null,
        1,
        1,
        1,
        null,
        1,
        1,
        1,
        1,
        null,
        null,
        1,
        null,
        1,
        1,
        null,
        1,
        1,
        null,
        1,
        1,
        null,
        1,
        1,
        null,
        null,
        null,
        1,
        1,
        null,
        1,
        1,
        null,
        null,
        null,
        1,
        1,
        null,
        1,
        1,
        null,
        1,
        1,
        null,
        null,
        null,
        null
      ],
      "/Users/meghanstang/turing-staff/2module/lesson_repos/set_list_1909/spec/features/songs/new_song_spec.rb": [
        1,
        null,
        1,
        1,
        1,
        null,
        1,
        1,
        1,
        null,
        1,
        null,
        1,
        1,
        1,
        null,
        1,
        null,
        1,
        null,
        1,
        1,
        1,
        1,
        1,
        null,
        null,
        null
      ],
      "/Users/meghanstang/turing-staff/2module/lesson_repos/set_list_1909/spec/features/songs/show_spec.rb": [
        1,
        null,
        1,
        1,
        1,
        1,
        1,
        1,
        null,
        1,
        null,
        1,
        1,
        null,
        1,
        null,
        null,
        null
      ],
      "/Users/meghanstang/turing-staff/2module/lesson_repos/set_list_1909/spec/features/songs/user_can_see_all_songs_spec.rb": [
        1,
        null,
        1,
        1,
        1,
        1,
        null,
        null,
        1,
        null,
        null,
        null,
        null,
        null,
        1,
        null,
        1,
        null,
        1,
        1,
        1,
        null,
        null,
        1,
        1,
        1,
        null,
        null,
        null,
        null,
        null
      ],
      "/Users/meghanstang/turing-staff/2module/lesson_repos/set_list_1909/spec/features/users/user_can_be_created_spec.rb": [
        1,
        null,
        1,
        1,
        1,
        null,
        1,
        null,
        1,
        null,
        1,
        1,
        null,
        1,
        1,
        null,
        1,
        null,
        1,
        null,
        null,
        1,
        1,
        null,
        1,
        null,
        1,
        null,
        1,
        1,
        null,
        1,
        1,
        null,
        1,
        null,
        1,
        null,
        1,
        null,
        null
      ],
      "/Users/meghanstang/turing-staff/2module/lesson_repos/set_list_1909/spec/features/users/user_can_log_in_spec.rb": [
        1,
        null,
        1,
        1,
        1,
        null,
        null,
        1,
        null,
        1,
        1,
        null,
        1,
        1,
        null,
        1,
        null,
        1,
        null,
        1,
        1,
        1,
        1,
        null,
        null,
        1,
        1,
        null,
        null,
        1,
        null,
        1,
        1,
        null,
        1,
        1,
        null,
        1,
        null,
        1,
        1,
        null,
        null,
        null
      ],
      "/Users/meghanstang/turing-staff/2module/lesson_repos/set_list_1909/spec/models/artist_spec.rb": [
        1,
        null,
        1,
        1,
        2,
        null,
        1,
        2,
        null,
        1,
        1,
        1,
        1,
        null,
        null,
        1,
        null,
        null,
        null,
        1,
        null,
        null,
        null,
        1,
        null,
        null,
        null
      ],
      "/Users/meghanstang/turing-staff/2module/lesson_repos/set_list_1909/app/models/artist.rb": [
        1,
        1,
        1,
        null,
        1,
        1,
        null,
        null
      ],
      "/Users/meghanstang/turing-staff/2module/lesson_repos/set_list_1909/app/models/application_record.rb": [
        1,
        1,
        null
      ],
      "/Users/meghanstang/turing-staff/2module/lesson_repos/set_list_1909/spec/models/cart_spec.rb": [
        1,
        null,
        1,
        1,
        1,
        1,
        null,
        null,
        null,
        null,
        1,
        null,
        null,
        null,
        1,
        1,
        1,
        null,
        null,
        null,
        null,
        1,
        1,
        null,
        1,
        null,
        null,
        null,
        null,
        1,
        1,
        1,
        null,
        null,
        null,
        null,
        1,
        1,
        null,
        null,
        null,
        null
      ],
      "/Users/meghanstang/turing-staff/2module/lesson_repos/set_list_1909/app/models/cart.rb": [
        1,
        1,
        null,
        1,
        46,
        null,
        null,
        1,
        36,
        null,
        null,
        1,
        5,
        null,
        null,
        1,
        10,
        null,
        null
      ],
      "/Users/meghanstang/turing-staff/2module/lesson_repos/set_list_1909/spec/models/playlist_song_spec.rb": [
        1,
        null,
        1,
        1,
        2,
        2,
        null,
        null
      ],
      "/Users/meghanstang/turing-staff/2module/lesson_repos/set_list_1909/app/models/playlist_song.rb": [
        1,
        1,
        1,
        null
      ],
      "/Users/meghanstang/turing-staff/2module/lesson_repos/set_list_1909/spec/models/playlist_spec.rb": [
        1,
        null,
        1,
        1,
        2,
        2,
        null,
        null
      ],
      "/Users/meghanstang/turing-staff/2module/lesson_repos/set_list_1909/app/models/playlist.rb": [
        1,
        1,
        1,
        null
      ],
      "/Users/meghanstang/turing-staff/2module/lesson_repos/set_list_1909/spec/models/song_spec.rb": [
        1,
        null,
        1,
        1,
        2,
        2,
        2,
        null,
        1,
        2,
        2,
        2,
        null,
        1,
        1,
        1,
        1,
        null,
        null,
        1,
        null,
        null,
        null,
        1,
        null,
        null,
        null,
        1,
        1,
        null,
        1,
        null,
        null,
        null
      ],
      "/Users/meghanstang/turing-staff/2module/lesson_repos/set_list_1909/app/models/song.rb": [
        1,
        1,
        1,
        1,
        1,
        null,
        1,
        2,
        null,
        null,
        null,
        null
      ],
      "/Users/meghanstang/turing-staff/2module/lesson_repos/set_list_1909/spec/models/user_spec.rb": [
        1,
        null,
        1,
        1,
        2,
        2,
        null,
        2,
        null,
        null,
        1,
        1,
        1,
        null,
        null,
        1,
        1,
        null,
        null,
        1,
        1,
        null,
        null,
        null,
        1,
        1,
        null,
        null,
        null
      ],
      "/Users/meghanstang/turing-staff/2module/lesson_repos/set_list_1909/app/models/user.rb": [
        1,
        1,
        1,
        null,
        1,
        null,
        1,
        null
      ],
      "/Users/meghanstang/turing-staff/2module/lesson_repos/set_list_1909/app/controllers/application_controller.rb": [
        1,
        1,
        1,
        null,
        1,
        44,
        null,
        null,
        1,
        7,
        null,
        null,
        1,
        2,
        null,
        null
      ],
      "/Users/meghanstang/turing-staff/2module/lesson_repos/set_list_1909/app/controllers/admin/dashboard_controller.rb": [
        1,
        1,
        null,
        null,
        null
      ],
      "/Users/meghanstang/turing-staff/2module/lesson_repos/set_list_1909/app/controllers/admin/base_controller.rb": [
        1,
        1,
        null,
        1,
        2,
        null,
        null,
        null
      ],
      "/Users/meghanstang/turing-staff/2module/lesson_repos/set_list_1909/app/controllers/artists_controller.rb": [
        1,
        1,
        7,
        null,
        null,
        1,
        0,
        null,
        null,
        1,
        null,
        null,
        1,
        1,
        null,
        null,
        1,
        2,
        null,
        2,
        1,
        1,
        null,
        1,
        1,
        null,
        null,
        null,
        null,
        1,
        1,
        1,
        1,
        null,
        null,
        1,
        1,
        1,
        1,
        null,
        null,
        1,
        null,
        1,
        3,
        null,
        null,
        null,
        null,
        null,
        null,
        null,
        null
      ],
      "/Users/meghanstang/turing-staff/2module/lesson_repos/set_list_1909/app/controllers/songs_controller.rb": [
        1,
        1,
        5,
        5,
        null,
        null,
        1,
        2,
        null,
        null,
        1,
        1,
        null,
        null,
        1,
        1,
        1,
        null,
        1,
        null,
        null,
        1,
        1,
        1,
        null,
        null,
        null
      ],
      "/Users/meghanstang/turing-staff/2module/lesson_repos/set_list_1909/app/controllers/cart_controller.rb": [
        1,
        1,
        1,
        3,
        3,
        3,
        3,
        3,
        3,
        null,
        null
      ],
      "/Users/meghanstang/turing-staff/2module/lesson_repos/set_list_1909/app/controllers/playlists_controller.rb": [
        1,
        1,
        1,
        null,
        null
      ],
      "/Users/meghanstang/turing-staff/2module/lesson_repos/set_list_1909/app/controllers/welcome_controller.rb": [
        1,
        null,
        1,
        null,
        null
      ],
      "/Users/meghanstang/turing-staff/2module/lesson_repos/set_list_1909/app/controllers/users_controller.rb": [
        1,
        1,
        null,
        null,
        1,
        2,
        2,
        2,
        2,
        null,
        null,
        1,
        1,
        null,
        null,
        1,
        null,
        1,
        2,
        null,
        null
      ],
      "/Users/meghanstang/turing-staff/2module/lesson_repos/set_list_1909/app/controllers/sessions_controller.rb": [
        1,
        1,
        null,
        null,
        1,
        2,
        2,
        1,
        1,
        1,
        null,
        1,
        1,
        null,
        null,
        null
      ]
    },
    "timestamp": 1576606449
  }
}
